  main.cpp
C:\Users\jorge\OneDrive\Documentos\Eu\Universidade\1ºano\2ºSemestre\Laboratório de Programação\Batalha Naval\Submarino.h(22,36): error C2512: 'PontoNaval': no appropriate default constructor available
C:\Users\jorge\OneDrive\Documentos\Eu\Universidade\1ºano\2ºSemestre\Laboratório de Programação\Batalha Naval\PontoNaval.h(5,7): message : see declaration of 'PontoNaval'
C:\Users\jorge\OneDrive\Documentos\Eu\Universidade\1ºano\2ºSemestre\Laboratório de Programação\Batalha Naval\Submarino.h(28,12): warning C4244: 'argument': conversion from 'time_t' to 'unsigned int', possible loss of data
C:\Users\jorge\OneDrive\Documentos\Eu\Universidade\1ºano\2ºSemestre\Laboratório de Programação\Batalha Naval\Submarino.h(36,12): warning C4244: 'argument': conversion from 'time_t' to 'unsigned int', possible loss of data
C:\Users\jorge\OneDrive\Documentos\Eu\Universidade\1ºano\2ºSemestre\Laboratório de Programação\Batalha Naval\PontoNaval.h(5,18): error C2011: 'PontoNaval': 'class' type redefinition
C:\Users\jorge\OneDrive\Documentos\Eu\Universidade\1ºano\2ºSemestre\Laboratório de Programação\Batalha Naval\PontoNaval.h(5): message : see declaration of 'PontoNaval'
C:\Users\jorge\OneDrive\Documentos\Eu\Universidade\1ºano\2ºSemestre\Laboratório de Programação\Batalha Naval\PontoNaval.h(36,13): error C2027: use of undefined type 'PontoNaval'
C:\Users\jorge\OneDrive\Documentos\Eu\Universidade\1ºano\2ºSemestre\Laboratório de Programação\Batalha Naval\PontoNaval.h(5): message : see declaration of 'PontoNaval'
C:\Users\jorge\OneDrive\Documentos\Eu\Universidade\1ºano\2ºSemestre\Laboratório de Programação\Batalha Naval\PontoNaval.h(36,43): error C4430: missing type specifier - int assumed. Note: C++ does not support default-int
C:\Users\jorge\OneDrive\Documentos\Eu\Universidade\1ºano\2ºSemestre\Laboratório de Programação\Batalha Naval\PontoNaval.h(37,2): error C2065: 'x': undeclared identifier
C:\Users\jorge\OneDrive\Documentos\Eu\Universidade\1ºano\2ºSemestre\Laboratório de Programação\Batalha Naval\PontoNaval.h(38,2): error C2065: 'y': undeclared identifier
C:\Users\jorge\OneDrive\Documentos\Eu\Universidade\1ºano\2ºSemestre\Laboratório de Programação\Batalha Naval\PontoNaval.h(39,1): warning C4508: '{ctor}': function should return a value; 'void' return type assumed
C:\Users\jorge\OneDrive\Documentos\Eu\Universidade\1ºano\2ºSemestre\Laboratório de Programação\Batalha Naval\PontoNaval.h(41,14): error C2027: use of undefined type 'PontoNaval'
C:\Users\jorge\OneDrive\Documentos\Eu\Universidade\1ºano\2ºSemestre\Laboratório de Programação\Batalha Naval\PontoNaval.h(5): message : see declaration of 'PontoNaval'
C:\Users\jorge\OneDrive\Documentos\Eu\Universidade\1ºano\2ºSemestre\Laboratório de Programação\Batalha Naval\PontoNaval.h(41,27): error C4430: missing type specifier - int assumed. Note: C++ does not support default-int
C:\Users\jorge\OneDrive\Documentos\Eu\Universidade\1ºano\2ºSemestre\Laboratório de Programação\Batalha Naval\PontoNaval.h(43,1): warning C4508: '{dtor}': function should return a value; 'void' return type assumed
C:\Users\jorge\OneDrive\Documentos\Eu\Universidade\1ºano\2ºSemestre\Laboratório de Programação\Batalha Naval\PontoNaval.h(44,18): error C2027: use of undefined type 'PontoNaval'
C:\Users\jorge\OneDrive\Documentos\Eu\Universidade\1ºano\2ºSemestre\Laboratório de Programação\Batalha Naval\PontoNaval.h(5): message : see declaration of 'PontoNaval'
C:\Users\jorge\OneDrive\Documentos\Eu\Universidade\1ºano\2ºSemestre\Laboratório de Programação\Batalha Naval\PontoNaval.h(45,8): error C2065: 'x': undeclared identifier
C:\Users\jorge\OneDrive\Documentos\Eu\Universidade\1ºano\2ºSemestre\Laboratório de Programação\Batalha Naval\PontoNaval.h(46,8): error C2065: 'y': undeclared identifier
C:\Users\jorge\OneDrive\Documentos\Eu\Universidade\1ºano\2ºSemestre\Laboratório de Programação\Batalha Naval\PontoNaval.h(48,18): error C2027: use of undefined type 'PontoNaval'
C:\Users\jorge\OneDrive\Documentos\Eu\Universidade\1ºano\2ºSemestre\Laboratório de Programação\Batalha Naval\PontoNaval.h(5): message : see declaration of 'PontoNaval'
C:\Users\jorge\OneDrive\Documentos\Eu\Universidade\1ºano\2ºSemestre\Laboratório de Programação\Batalha Naval\PontoNaval.h(48,24): error C2027: use of undefined type 'PontoNaval'
C:\Users\jorge\OneDrive\Documentos\Eu\Universidade\1ºano\2ºSemestre\Laboratório de Programação\Batalha Naval\PontoNaval.h(5): message : see declaration of 'PontoNaval'
C:\Users\jorge\OneDrive\Documentos\Eu\Universidade\1ºano\2ºSemestre\Laboratório de Programação\Batalha Naval\PontoNaval.h(48,42): error C2027: use of undefined type 'PontoNaval'
C:\Users\jorge\OneDrive\Documentos\Eu\Universidade\1ºano\2ºSemestre\Laboratório de Programação\Batalha Naval\PontoNaval.h(5): message : see declaration of 'PontoNaval'
C:\Users\jorge\OneDrive\Documentos\Eu\Universidade\1ºano\2ºSemestre\Laboratório de Programação\Batalha Naval\PontoNaval.h(49,2): error C2355: 'this': can only be referenced inside non-static member functions or non-static data member initializers
C:\Users\jorge\OneDrive\Documentos\Eu\Universidade\1ºano\2ºSemestre\Laboratório de Programação\Batalha Naval\PontoNaval.h(49,16): error C2027: use of undefined type 'PontoNaval'
C:\Users\jorge\OneDrive\Documentos\Eu\Universidade\1ºano\2ºSemestre\Laboratório de Programação\Batalha Naval\PontoNaval.h(5): message : see declaration of 'PontoNaval'
C:\Users\jorge\OneDrive\Documentos\Eu\Universidade\1ºano\2ºSemestre\Laboratório de Programação\Batalha Naval\PontoNaval.h(50,2): error C2355: 'this': can only be referenced inside non-static member functions or non-static data member initializers
C:\Users\jorge\OneDrive\Documentos\Eu\Universidade\1ºano\2ºSemestre\Laboratório de Programação\Batalha Naval\PontoNaval.h(50,16): error C2027: use of undefined type 'PontoNaval'
C:\Users\jorge\OneDrive\Documentos\Eu\Universidade\1ºano\2ºSemestre\Laboratório de Programação\Batalha Naval\PontoNaval.h(5): message : see declaration of 'PontoNaval'
C:\Users\jorge\OneDrive\Documentos\Eu\Universidade\1ºano\2ºSemestre\Laboratório de Programação\Batalha Naval\PontoNaval.h(52,18): error C2027: use of undefined type 'PontoNaval'
C:\Users\jorge\OneDrive\Documentos\Eu\Universidade\1ºano\2ºSemestre\Laboratório de Programação\Batalha Naval\PontoNaval.h(5): message : see declaration of 'PontoNaval'
C:\Users\jorge\OneDrive\Documentos\Eu\Universidade\1ºano\2ºSemestre\Laboratório de Programação\Batalha Naval\PontoNaval.h(79,18): error C2027: use of undefined type 'PontoNaval'
C:\Users\jorge\OneDrive\Documentos\Eu\Universidade\1ºano\2ºSemestre\Laboratório de Programação\Batalha Naval\PontoNaval.h(5): message : see declaration of 'PontoNaval'
C:\Users\jorge\OneDrive\Documentos\Eu\Universidade\1ºano\2ºSemestre\Laboratório de Programação\Batalha Naval\PontoNaval.h(83,6): error C3861: 'Get_x': identifier not found
C:\Users\jorge\OneDrive\Documentos\Eu\Universidade\1ºano\2ºSemestre\Laboratório de Programação\Batalha Naval\PontoNaval.h(83,21): error C3861: 'Get_x': identifier not found
C:\Users\jorge\OneDrive\Documentos\Eu\Universidade\1ºano\2ºSemestre\Laboratório de Programação\Batalha Naval\PontoNaval.h(85,18): error C3861: 'Get_y': identifier not found
C:\Users\jorge\OneDrive\Documentos\Eu\Universidade\1ºano\2ºSemestre\Laboratório de Programação\Batalha Naval\PontoNaval.h(92,18): error C2027: use of undefined type 'PontoNaval'
C:\Users\jorge\OneDrive\Documentos\Eu\Universidade\1ºano\2ºSemestre\Laboratório de Programação\Batalha Naval\PontoNaval.h(5): message : see declaration of 'PontoNaval'
C:\Users\jorge\OneDrive\Documentos\Eu\Universidade\1ºano\2ºSemestre\Laboratório de Programação\Batalha Naval\PontoNaval.h(93,18): error C3861: 'Get_x': identifier not found
C:\Users\jorge\OneDrive\Documentos\Eu\Universidade\1ºano\2ºSemestre\Laboratório de Programação\Batalha Naval\PontoNaval.h(94,18): error C3861: 'Get_y': identifier not found
C:\Users\jorge\OneDrive\Documentos\Eu\Universidade\1ºano\2ºSemestre\Laboratório de Programação\Batalha Naval\PontoNaval.h(96,18): error C2027: use of undefined type 'PontoNaval'
C:\Users\jorge\OneDrive\Documentos\Eu\Universidade\1ºano\2ºSemestre\Laboratório de Programação\Batalha Naval\PontoNaval.h(5): message : see declaration of 'PontoNaval'
C:\Users\jorge\OneDrive\Documentos\Eu\Universidade\1ºano\2ºSemestre\Laboratório de Programação\Batalha Naval\PontoNaval.h(96,61): error C2270: '==': modifiers not allowed on nonmember functions
C:\Users\jorge\OneDrive\Documentos\Eu\Universidade\1ºano\2ºSemestre\Laboratório de Programação\Batalha Naval\PontoNaval.h(96,30): error C2027: use of undefined type 'PontoNaval'
C:\Users\jorge\OneDrive\Documentos\Eu\Universidade\1ºano\2ºSemestre\Laboratório de Programação\Batalha Naval\PontoNaval.h(5): message : see declaration of 'PontoNaval'
C:\Users\jorge\OneDrive\Documentos\Eu\Universidade\1ºano\2ºSemestre\Laboratório de Programação\Batalha Naval\PontoNaval.h(96,61): error C2027: use of undefined type 'PontoNaval'
C:\Users\jorge\OneDrive\Documentos\Eu\Universidade\1ºano\2ºSemestre\Laboratório de Programação\Batalha Naval\PontoNaval.h(5): message : see declaration of 'PontoNaval'
C:\Users\jorge\OneDrive\Documentos\Eu\Universidade\1ºano\2ºSemestre\Laboratório de Programação\Batalha Naval\PontoNaval.h(98,6): error C2355: 'this': can only be referenced inside non-static member functions or non-static data member initializers
C:\Users\jorge\OneDrive\Documentos\Eu\Universidade\1ºano\2ºSemestre\Laboratório de Programação\Batalha Naval\PontoNaval.h(98,5): error C2027: use of undefined type 'PontoNaval'
C:\Users\jorge\OneDrive\Documentos\Eu\Universidade\1ºano\2ºSemestre\Laboratório de Programação\Batalha Naval\PontoNaval.h(5): message : see declaration of 'PontoNaval'
C:\Users\jorge\OneDrive\Documentos\Eu\Universidade\1ºano\2ºSemestre\Laboratório de Programação\Batalha Naval\PontoNaval.h(99,7): error C2355: 'this': can only be referenced inside non-static member functions or non-static data member initializers
C:\Users\jorge\OneDrive\Documentos\Eu\Universidade\1ºano\2ºSemestre\Laboratório de Programação\Batalha Naval\PontoNaval.h(99,6): error C2027: use of undefined type 'PontoNaval'
C:\Users\jorge\OneDrive\Documentos\Eu\Universidade\1ºano\2ºSemestre\Laboratório de Programação\Batalha Naval\PontoNaval.h(5): message : see declaration of 'PontoNaval'
C:\Users\jorge\OneDrive\Documentos\Eu\Universidade\1ºano\2ºSemestre\Laboratório de Programação\Batalha Naval\PontoNaval.h(105,18): error C2027: use of undefined type 'PontoNaval'
C:\Users\jorge\OneDrive\Documentos\Eu\Universidade\1ºano\2ºSemestre\Laboratório de Programação\Batalha Naval\PontoNaval.h(5): message : see declaration of 'PontoNaval'
C:\Users\jorge\OneDrive\Documentos\Eu\Universidade\1ºano\2ºSemestre\Laboratório de Programação\Batalha Naval\PontoNaval.h(105,61): error C2270: '!=': modifiers not allowed on nonmember functions
C:\Users\jorge\OneDrive\Documentos\Eu\Universidade\1ºano\2ºSemestre\Laboratório de Programação\Batalha Naval\PontoNaval.h(105,30): error C2027: use of undefined type 'PontoNaval'
C:\Users\jorge\OneDrive\Documentos\Eu\Universidade\1ºano\2ºSemestre\Laboratório de Programação\Batalha Naval\PontoNaval.h(5): message : see declaration of 'PontoNaval'
C:\Users\jorge\OneDrive\Documentos\Eu\Universidade\1ºano\2ºSemestre\Laboratório de Programação\Batalha Naval\PontoNaval.h(105,61): error C2027: use of undefined type 'PontoNaval'
C:\Users\jorge\OneDrive\Documentos\Eu\Universidade\1ºano\2ºSemestre\Laboratório de Programação\Batalha Naval\PontoNaval.h(5): message : see declaration of 'PontoNaval'
C:\Users\jorge\OneDrive\Documentos\Eu\Universidade\1ºano\2ºSemestre\Laboratório de Programação\Batalha Naval\PontoNaval.h(107,6): error C2355: 'this': can only be referenced inside non-static member functions or non-static data member initializers
C:\Users\jorge\OneDrive\Documentos\Eu\Universidade\1ºano\2ºSemestre\Laboratório de Programação\Batalha Naval\PontoNaval.h(107,5): error C2027: use of undefined type 'PontoNaval'
C:\Users\jorge\OneDrive\Documentos\Eu\Universidade\1ºano\2ºSemestre\Laboratório de Programação\Batalha Naval\PontoNaval.h(5): message : see declaration of 'PontoNaval'
C:\Users\jorge\OneDrive\Documentos\Eu\Universidade\1ºano\2ºSemestre\Laboratório de Programação\Batalha Naval\PontoNaval.h(108,7): error C2355: 'this': can only be referenced inside non-static member functions or non-static data member initializers
C:\Users\jorge\OneDrive\Documentos\Eu\Universidade\1ºano\2ºSemestre\Laboratório de Programação\Batalha Naval\PontoNaval.h(108,6): error C2027: use of undefined type 'PontoNaval'
C:\Users\jorge\OneDrive\Documentos\Eu\Universidade\1ºano\2ºSemestre\Laboratório de Programação\Batalha Naval\PontoNaval.h(5): message : see declaration of 'PontoNaval'
C:\Users\jorge\OneDrive\Documentos\Eu\Universidade\1ºano\2ºSemestre\Laboratório de Programação\Batalha Naval\Submarino.h(6,17): error C2011: 'Submarino': 'class' type redefinition
C:\Users\jorge\OneDrive\Documentos\Eu\Universidade\1ºano\2ºSemestre\Laboratório de Programação\Batalha Naval\Submarino.h(6): message : see declaration of 'Submarino'
C:\Users\jorge\OneDrive\Documentos\Eu\Universidade\1ºano\2ºSemestre\Laboratório de Programação\Batalha Naval\Submarino.h(22,12): error C2027: use of undefined type 'Submarino'
C:\Users\jorge\OneDrive\Documentos\Eu\Universidade\1ºano\2ºSemestre\Laboratório de Programação\Batalha Naval\Submarino.h(6): message : see declaration of 'Submarino'
C:\Users\jorge\OneDrive\Documentos\Eu\Universidade\1ºano\2ºSemestre\Laboratório de Programação\Batalha Naval\Submarino.h(22,36): error C4430: missing type specifier - int assumed. Note: C++ does not support default-int
C:\Users\jorge\OneDrive\Documentos\Eu\Universidade\1ºano\2ºSemestre\Laboratório de Programação\Batalha Naval\Submarino.h(22,21): error C2027: use of undefined type 'PontoNaval'
C:\Users\jorge\OneDrive\Documentos\Eu\Universidade\1ºano\2ºSemestre\Laboratório de Programação\Batalha Naval\PontoNaval.h(5): message : see declaration of 'PontoNaval'
C:\Users\jorge\OneDrive\Documentos\Eu\Universidade\1ºano\2ºSemestre\Laboratório de Programação\Batalha Naval\Submarino.h(22,36): error C2027: use of undefined type 'PontoNaval'
C:\Users\jorge\OneDrive\Documentos\Eu\Universidade\1ºano\2ºSemestre\Laboratório de Programação\Batalha Naval\PontoNaval.h(5): message : see declaration of 'PontoNaval'
C:\Users\jorge\OneDrive\Documentos\Eu\Universidade\1ºano\2ºSemestre\Laboratório de Programação\Batalha Naval\Submarino.h(24,1): warning C4508: '{ctor}': function should return a value; 'void' return type assumed
C:\Users\jorge\OneDrive\Documentos\Eu\Universidade\1ºano\2ºSemestre\Laboratório de Programação\Batalha Naval\Submarino.h(26,17): error C2227: left of '->Set_Random_x' must point to class/struct/union/generic type
C:\Users\jorge\OneDrive\Documentos\Eu\Universidade\1ºano\2ºSemestre\Laboratório de Programação\Batalha Naval\Submarino.h(26,17): error C2027: use of undefined type 'Submarino'
C:\Users\jorge\OneDrive\Documentos\Eu\Universidade\1ºano\2ºSemestre\Laboratório de Programação\Batalha Naval\Submarino.h(6): message : see declaration of 'Submarino'
C:\Users\jorge\OneDrive\Documentos\Eu\Universidade\1ºano\2ºSemestre\Laboratório de Programação\Batalha Naval\Submarino.h(28,8): error C2065: 'time': undeclared identifier
C:\Users\jorge\OneDrive\Documentos\Eu\Universidade\1ºano\2ºSemestre\Laboratório de Programação\Batalha Naval\Submarino.h(28,2): error C2065: 'srand': undeclared identifier
C:\Users\jorge\OneDrive\Documentos\Eu\Universidade\1ºano\2ºSemestre\Laboratório de Programação\Batalha Naval\Submarino.h(33,17): error C2027: use of undefined type 'Submarino'
C:\Users\jorge\OneDrive\Documentos\Eu\Universidade\1ºano\2ºSemestre\Laboratório de Programação\Batalha Naval\Submarino.h(6): message : see declaration of 'Submarino'
C:\Users\jorge\OneDrive\Documentos\Eu\Universidade\1ºano\2ºSemestre\Laboratório de Programação\Batalha Naval\Submarino.h(36,12): warning C4244: 'argument': conversion from 'time_t' to 'unsigned int', possible loss of data
C:\Users\jorge\OneDrive\Documentos\Eu\Universidade\1ºano\2ºSemestre\Laboratório de Programação\Batalha Naval\Submarino.h(37,2): error C2065: 'Ponto': undeclared identifier
C:\Users\jorge\OneDrive\Documentos\Eu\Universidade\1ºano\2ºSemestre\Laboratório de Programação\Batalha Naval\Submarino.h(39,17): error C2027: use of undefined type 'Submarino'
C:\Users\jorge\OneDrive\Documentos\Eu\Universidade\1ºano\2ºSemestre\Laboratório de Programação\Batalha Naval\Submarino.h(6): message : see declaration of 'Submarino'
C:\Users\jorge\OneDrive\Documentos\Eu\Universidade\1ºano\2ºSemestre\Laboratório de Programação\Batalha Naval\Submarino.h(44,17): error C2027: use of undefined type 'Submarino'
C:\Users\jorge\OneDrive\Documentos\Eu\Universidade\1ºano\2ºSemestre\Laboratório de Programação\Batalha Naval\Submarino.h(6): message : see declaration of 'Submarino'
C:\Users\jorge\OneDrive\Documentos\Eu\Universidade\1ºano\2ºSemestre\Laboratório de Programação\Batalha Naval\Submarino.h(45,10): error C2065: 'Ponto': undeclared identifier
C:\Users\jorge\OneDrive\Documentos\Eu\Universidade\1ºano\2ºSemestre\Laboratório de Programação\Batalha Naval\Submarino.h(45,36): error C2065: 'Ponto': undeclared identifier
C:\Users\jorge\OneDrive\Documentos\Eu\Universidade\1ºano\2ºSemestre\Laboratório de Programação\Batalha Naval\Tabuleiro.h(9,12): error C2079: 'Tabuleiro::s1' uses undefined class 'Submarino'
C:\Users\jorge\OneDrive\Documentos\Eu\Universidade\1ºano\2ºSemestre\Laboratório de Programação\Batalha Naval\Tabuleiro.h(9,16): error C2079: 'Tabuleiro::s2' uses undefined class 'Submarino'
C:\Users\jorge\OneDrive\Documentos\Eu\Universidade\1ºano\2ºSemestre\Laboratório de Programação\Batalha Naval\Tabuleiro.h(9,20): error C2079: 'Tabuleiro::s3' uses undefined class 'Submarino'
C:\Users\jorge\OneDrive\Documentos\Eu\Universidade\1ºano\2ºSemestre\Laboratório de Programação\Batalha Naval\Tabuleiro.h(9,24): error C2079: 'Tabuleiro::s4' uses undefined class 'Submarino'
C:\Users\jorge\OneDrive\Documentos\Eu\Universidade\1ºano\2ºSemestre\Laboratório de Programação\Batalha Naval\Tabuleiro.h(11,12): error C2079: 'Tabuleiro::submarinos' uses undefined class 'Submarino'
C:\Users\jorge\OneDrive\Documentos\Eu\Universidade\1ºano\2ºSemestre\Laboratório de Programação\Batalha Naval\Tabuleiro.h(11,46): error C2440: 'initializing': cannot convert from 'initializer list' to 'int'
C:\Users\jorge\OneDrive\Documentos\Eu\Universidade\1ºano\2ºSemestre\Laboratório de Programação\Batalha Naval\Tabuleiro.h(11,28): message : The initializer contains too many elements
C:\Users\jorge\OneDrive\Documentos\Eu\Universidade\1ºano\2ºSemestre\Laboratório de Programação\Batalha Naval\Tabuleiro.h(11,46): error C2439: 'Tabuleiro::submarinos': member could not be initialized
C:\Users\jorge\OneDrive\Documentos\Eu\Universidade\1ºano\2ºSemestre\Laboratório de Programação\Batalha Naval\Tabuleiro.h(11): message : see declaration of 'Tabuleiro::submarinos'
C:\Users\jorge\OneDrive\Documentos\Eu\Universidade\1ºano\2ºSemestre\Laboratório de Programação\Batalha Naval\Tabuleiro.h(29,14): error C2065: 'player': undeclared identifier
